2021-05-23 09:18:06,011 - WARNING- entered username does not exist
2021-05-23 09:18:25,775 - INFO- new user added
2021-05-23 09:18:36,254 - INFO- user logged in
2021-05-23 09:18:45,343 - INFO- user logged out
2021-05-23 09:20:28,558 - INFO- new user added
2021-05-23 09:20:37,639 - WARNING- entered username does not exist
2021-05-23 09:20:48,725 - INFO- user logged in
2021-05-23 09:22:15,276 - INFO- new task added
2021-05-23 09:23:44,756 - INFO- new task added
2021-05-23 09:27:07,330 - INFO- new task added
2021-05-23 09:31:06,296 - INFO- user logged in
2021-05-23 09:32:41,754 - INFO- user logged in
2021-05-23 09:35:50,837 - INFO- user logged in
2021-05-23 09:37:35,485 - INFO- user logged in
2021-05-23 09:41:53,780 - INFO- user logged in
2021-05-23 09:44:57,869 - INFO- user logged out
2021-05-23 09:46:16,386 - INFO- user logged in
2021-05-23 09:50:07,008 - INFO- task is done
2021-05-23 09:53:37,366 - INFO- user logged in
2021-05-23 09:53:52,626 - INFO- exit edit task menu
2021-05-23 09:54:07,433 - INFO- user logged out
2021-05-23 09:55:12,574 - INFO- user logged in
2021-05-23 09:55:55,278 - INFO- user logged in
2021-05-23 09:56:01,670 - INFO- task is done
2021-05-23 09:57:02,590 - INFO- user logged in
2021-05-23 09:57:09,103 - INFO- task is done
2021-05-23 09:58:50,933 - INFO- new user added
2021-05-23 09:59:27,797 - INFO- user logged in
2021-05-24 20:11:09,991 - INFO- user logged in
2021-05-24 20:17:10,603 - INFO- user logged in
2021-05-24 20:20:38,962 - INFO- user logged in
2021-05-24 20:22:05,338 - INFO- user logged in
2021-05-24 20:23:56,097 - INFO- user logged in
2021-05-24 20:25:26,736 - INFO- user logged in
2021-05-24 23:42:44,157 - INFO- user logged in
2021-05-24 23:43:50,662 - INFO- new task added
2021-05-24 23:44:15,493 - INFO- task's title edited
2021-05-24 23:48:06,212 - INFO- user logged in
2021-05-24 23:48:23,844 - INFO- task's title edited
2021-05-25 00:10:26,556 - INFO- user logged in
2021-05-25 00:18:09,362 - INFO- user logged in
2021-05-25 00:19:37,113 - INFO- user logged in
2021-05-25 00:19:53,041 - INFO- new share task added
2021-05-25 00:20:15,873 - INFO- user logged out
2021-05-25 00:20:44,696 - INFO- user logged in
2021-05-25 00:21:24,840 - INFO- user logged out
2021-05-25 00:38:12,205 - INFO- user logged in
2021-05-25 00:39:50,214 - INFO- new task added
2021-05-25 00:39:55,765 - INFO- user logged out
